package configuration for libffi is not found
have_header: checking for ffi.h... -------------------- no

"gcc-4.2 -o conftest -I/Users/gregoryehill/.rvm/rubies/ruby-2.0.0-p247/include/ruby-2.0.0/x86_64-darwin12.2.0 -I/Users/gregoryehill/.rvm/rubies/ruby-2.0.0-p247/include/ruby-2.0.0/ruby/backward -I/Users/gregoryehill/.rvm/rubies/ruby-2.0.0-p247/include/ruby-2.0.0 -I. -D_XOPEN_SOURCE -D_DARWIN_C_SOURCE -D_DARWIN_UNLIMITED_SELECT -D_REENTRANT -I/Users/gregoryehill/.rvm/opt/libyaml/include -I/usr/local/Cellar/readline/6.2.4/include -I/Users/gregoryehill/.rvm/opt/libksba/include -I/Users/gregoryehill/.rvm/opt/openssl/include    -O3 -fno-fast-math -ggdb3 -Wall -Wextra -Wno-unused-parameter -Wno-parentheses -Wno-long-long -Wno-missing-field-initializers -Wunused-variable -Wpointer-arith -Wwrite-strings -Wdeclaration-after-statement -Wshorten-64-to-32 -Wimplicit-function-declaration  -fno-common -pipe conftest.c  -L. -L/Users/gregoryehill/.rvm/rubies/ruby-2.0.0-p247/lib -L/Users/gregoryehill/.rvm/opt/libyaml/lib -L/usr/local/Cellar/readline/6.2.4/lib -L/Users/gregoryehill/.rvm/opt/libksba/lib -L/Users/gregoryehill/.rvm/opt/openssl/lib -L. -fstack-protector -L/Users/gregoryehill/.rvm/opt/libyaml/lib -L/usr/local/Cellar/readline/6.2.4/lib -L/Users/gregoryehill/.rvm/opt/libksba/lib -L/Users/gregoryehill/.rvm/opt/openssl/lib      -lruby.2.0.0  -lpthread -ldl -lobjc "
checked program was:
/* begin */
1: #include "ruby.h"
2: 
3: int main(int argc, char **argv)
4: {
5:   return 0;
6: }
/* end */

"gcc-4.2 -E -I/Users/gregoryehill/.rvm/rubies/ruby-2.0.0-p247/include/ruby-2.0.0/x86_64-darwin12.2.0 -I/Users/gregoryehill/.rvm/rubies/ruby-2.0.0-p247/include/ruby-2.0.0/ruby/backward -I/Users/gregoryehill/.rvm/rubies/ruby-2.0.0-p247/include/ruby-2.0.0 -I. -D_XOPEN_SOURCE -D_DARWIN_C_SOURCE -D_DARWIN_UNLIMITED_SELECT -D_REENTRANT -I/Users/gregoryehill/.rvm/opt/libyaml/include -I/usr/local/Cellar/readline/6.2.4/include -I/Users/gregoryehill/.rvm/opt/libksba/include -I/Users/gregoryehill/.rvm/opt/openssl/include    -O3 -fno-fast-math -ggdb3 -Wall -Wextra -Wno-unused-parameter -Wno-parentheses -Wno-long-long -Wno-missing-field-initializers -Wunused-variable -Wpointer-arith -Wwrite-strings -Wdeclaration-after-statement -Wshorten-64-to-32 -Wimplicit-function-declaration  -fno-common -pipe  conftest.c -o conftest.i"
conftest.c:3:17: error: ffi.h: No such file or directory
checked program was:
/* begin */
1: #include "ruby.h"
2: 
3: #include <ffi.h>
/* end */

--------------------

find_header: checking for ffi.h in /usr/local/include,/usr/include/ffi... -------------------- yes

"gcc-4.2 -E -I/Users/gregoryehill/.rvm/rubies/ruby-2.0.0-p247/include/ruby-2.0.0/x86_64-darwin12.2.0 -I/Users/gregoryehill/.rvm/rubies/ruby-2.0.0-p247/include/ruby-2.0.0/ruby/backward -I/Users/gregoryehill/.rvm/rubies/ruby-2.0.0-p247/include/ruby-2.0.0 -I. -D_XOPEN_SOURCE -D_DARWIN_C_SOURCE -D_DARWIN_UNLIMITED_SELECT -D_REENTRANT -I/Users/gregoryehill/.rvm/opt/libyaml/include -I/usr/local/Cellar/readline/6.2.4/include -I/Users/gregoryehill/.rvm/opt/libksba/include -I/Users/gregoryehill/.rvm/opt/openssl/include    -O3 -fno-fast-math -ggdb3 -Wall -Wextra -Wno-unused-parameter -Wno-parentheses -Wno-long-long -Wno-missing-field-initializers -Wunused-variable -Wpointer-arith -Wwrite-strings -Wdeclaration-after-statement -Wshorten-64-to-32 -Wimplicit-function-declaration  -fno-common -pipe  conftest.c -o conftest.i"
conftest.c:3:17: error: ffi.h: No such file or directory
checked program was:
/* begin */
1: #include "ruby.h"
2: 
3: #include <ffi.h>
/* end */

"gcc-4.2 -E -I/Users/gregoryehill/.rvm/rubies/ruby-2.0.0-p247/include/ruby-2.0.0/x86_64-darwin12.2.0 -I/Users/gregoryehill/.rvm/rubies/ruby-2.0.0-p247/include/ruby-2.0.0/ruby/backward -I/Users/gregoryehill/.rvm/rubies/ruby-2.0.0-p247/include/ruby-2.0.0 -I. -D_XOPEN_SOURCE -D_DARWIN_C_SOURCE -D_DARWIN_UNLIMITED_SELECT -D_REENTRANT -I/Users/gregoryehill/.rvm/opt/libyaml/include -I/usr/local/Cellar/readline/6.2.4/include -I/Users/gregoryehill/.rvm/opt/libksba/include -I/Users/gregoryehill/.rvm/opt/openssl/include    -O3 -fno-fast-math -ggdb3 -Wall -Wextra -Wno-unused-parameter -Wno-parentheses -Wno-long-long -Wno-missing-field-initializers -Wunused-variable -Wpointer-arith -Wwrite-strings -Wdeclaration-after-statement -Wshorten-64-to-32 -Wimplicit-function-declaration  -fno-common -pipe -I/usr/local/include conftest.c -o conftest.i"
conftest.c:3:17: error: ffi.h: No such file or directory
checked program was:
/* begin */
1: #include "ruby.h"
2: 
3: #include <ffi.h>
/* end */

"gcc-4.2 -E -I/Users/gregoryehill/.rvm/rubies/ruby-2.0.0-p247/include/ruby-2.0.0/x86_64-darwin12.2.0 -I/Users/gregoryehill/.rvm/rubies/ruby-2.0.0-p247/include/ruby-2.0.0/ruby/backward -I/Users/gregoryehill/.rvm/rubies/ruby-2.0.0-p247/include/ruby-2.0.0 -I. -D_XOPEN_SOURCE -D_DARWIN_C_SOURCE -D_DARWIN_UNLIMITED_SELECT -D_REENTRANT -I/Users/gregoryehill/.rvm/opt/libyaml/include -I/usr/local/Cellar/readline/6.2.4/include -I/Users/gregoryehill/.rvm/opt/libksba/include -I/Users/gregoryehill/.rvm/opt/openssl/include    -O3 -fno-fast-math -ggdb3 -Wall -Wextra -Wno-unused-parameter -Wno-parentheses -Wno-long-long -Wno-missing-field-initializers -Wunused-variable -Wpointer-arith -Wwrite-strings -Wdeclaration-after-statement -Wshorten-64-to-32 -Wimplicit-function-declaration  -fno-common -pipe -I/usr/include/ffi conftest.c -o conftest.i"
checked program was:
/* begin */
1: #include "ruby.h"
2: 
3: #include <ffi.h>
/* end */

--------------------

have_library: checking for ffi_call() in -lffi... -------------------- yes

"gcc-4.2 -o conftest -I/Users/gregoryehill/.rvm/rubies/ruby-2.0.0-p247/include/ruby-2.0.0/x86_64-darwin12.2.0 -I/Users/gregoryehill/.rvm/rubies/ruby-2.0.0-p247/include/ruby-2.0.0/ruby/backward -I/Users/gregoryehill/.rvm/rubies/ruby-2.0.0-p247/include/ruby-2.0.0 -I. -I/usr/include/ffi -D_XOPEN_SOURCE -D_DARWIN_C_SOURCE -D_DARWIN_UNLIMITED_SELECT -D_REENTRANT -I/Users/gregoryehill/.rvm/opt/libyaml/include -I/usr/local/Cellar/readline/6.2.4/include -I/Users/gregoryehill/.rvm/opt/libksba/include -I/Users/gregoryehill/.rvm/opt/openssl/include    -O3 -fno-fast-math -ggdb3 -Wall -Wextra -Wno-unused-parameter -Wno-parentheses -Wno-long-long -Wno-missing-field-initializers -Wunused-variable -Wpointer-arith -Wwrite-strings -Wdeclaration-after-statement -Wshorten-64-to-32 -Wimplicit-function-declaration  -fno-common -pipe conftest.c  -L. -L/Users/gregoryehill/.rvm/rubies/ruby-2.0.0-p247/lib -L/Users/gregoryehill/.rvm/opt/libyaml/lib -L/usr/local/Cellar/readline/6.2.4/lib -L/Users/gregoryehill/.rvm/opt/libksba/lib -L/Users/gregoryehill/.rvm/opt/openssl/lib -L. -fstack-protector -L/Users/gregoryehill/.rvm/opt/libyaml/lib -L/usr/local/Cellar/readline/6.2.4/lib -L/Users/gregoryehill/.rvm/opt/libksba/lib -L/Users/gregoryehill/.rvm/opt/openssl/lib      -lruby.2.0.0 -lffi  -lpthread -ldl -lobjc "
checked program was:
/* begin */
 1: #include "ruby.h"
 2: 
 3: #include <ffi.h>
 4: 
 5: /*top*/
 6: extern int t(void);
 7: int t(void) { void ((*volatile p)()); p = (void ((*)()))ffi_call; return 0; }
 8: int main(int argc, char **argv)
 9: {
10:   if (argc > 1000000) {
11:     printf("%p", &t);
12:   }
13: 
14:   return 0;
15: }
/* end */

--------------------

have_func: checking for ffi_prep_closure()... -------------------- yes

"gcc-4.2 -o conftest -I/Users/gregoryehill/.rvm/rubies/ruby-2.0.0-p247/include/ruby-2.0.0/x86_64-darwin12.2.0 -I/Users/gregoryehill/.rvm/rubies/ruby-2.0.0-p247/include/ruby-2.0.0/ruby/backward -I/Users/gregoryehill/.rvm/rubies/ruby-2.0.0-p247/include/ruby-2.0.0 -I. -I/usr/include/ffi -D_XOPEN_SOURCE -D_DARWIN_C_SOURCE -D_DARWIN_UNLIMITED_SELECT -D_REENTRANT -I/Users/gregoryehill/.rvm/opt/libyaml/include -I/usr/local/Cellar/readline/6.2.4/include -I/Users/gregoryehill/.rvm/opt/libksba/include -I/Users/gregoryehill/.rvm/opt/openssl/include    -O3 -fno-fast-math -ggdb3 -Wall -Wextra -Wno-unused-parameter -Wno-parentheses -Wno-long-long -Wno-missing-field-initializers -Wunused-variable -Wpointer-arith -Wwrite-strings -Wdeclaration-after-statement -Wshorten-64-to-32 -Wimplicit-function-declaration  -fno-common -pipe conftest.c  -L. -L/Users/gregoryehill/.rvm/rubies/ruby-2.0.0-p247/lib -L/Users/gregoryehill/.rvm/opt/libyaml/lib -L/usr/local/Cellar/readline/6.2.4/lib -L/Users/gregoryehill/.rvm/opt/libksba/lib -L/Users/gregoryehill/.rvm/opt/openssl/lib -L. -fstack-protector -L/Users/gregoryehill/.rvm/opt/libyaml/lib -L/usr/local/Cellar/readline/6.2.4/lib -L/Users/gregoryehill/.rvm/opt/libksba/lib -L/Users/gregoryehill/.rvm/opt/openssl/lib     -lffi  -lruby.2.0.0 -lffi  -lpthread -ldl -lobjc "
conftest.c: In function ‘t’:
conftest.c:5: error: ‘ffi_prep_closure’ undeclared (first use in this function)
conftest.c:5: error: (Each undeclared identifier is reported only once
conftest.c:5: error: for each function it appears in.)
checked program was:
/* begin */
 1: #include "ruby.h"
 2: 
 3: /*top*/
 4: extern int t(void);
 5: int t(void) { void ((*volatile p)()); p = (void ((*)()))ffi_prep_closure; return 0; }
 6: int main(int argc, char **argv)
 7: {
 8:   if (argc > 1000000) {
 9:     printf("%p", &t);
10:   }
11: 
12:   return 0;
13: }
/* end */

"gcc-4.2 -o conftest -I/Users/gregoryehill/.rvm/rubies/ruby-2.0.0-p247/include/ruby-2.0.0/x86_64-darwin12.2.0 -I/Users/gregoryehill/.rvm/rubies/ruby-2.0.0-p247/include/ruby-2.0.0/ruby/backward -I/Users/gregoryehill/.rvm/rubies/ruby-2.0.0-p247/include/ruby-2.0.0 -I. -I/usr/include/ffi -D_XOPEN_SOURCE -D_DARWIN_C_SOURCE -D_DARWIN_UNLIMITED_SELECT -D_REENTRANT -I/Users/gregoryehill/.rvm/opt/libyaml/include -I/usr/local/Cellar/readline/6.2.4/include -I/Users/gregoryehill/.rvm/opt/libksba/include -I/Users/gregoryehill/.rvm/opt/openssl/include    -O3 -fno-fast-math -ggdb3 -Wall -Wextra -Wno-unused-parameter -Wno-parentheses -Wno-long-long -Wno-missing-field-initializers -Wunused-variable -Wpointer-arith -Wwrite-strings -Wdeclaration-after-statement -Wshorten-64-to-32 -Wimplicit-function-declaration  -fno-common -pipe conftest.c  -L. -L/Users/gregoryehill/.rvm/rubies/ruby-2.0.0-p247/lib -L/Users/gregoryehill/.rvm/opt/libyaml/lib -L/usr/local/Cellar/readline/6.2.4/lib -L/Users/gregoryehill/.rvm/opt/libksba/lib -L/Users/gregoryehill/.rvm/opt/openssl/lib -L. -fstack-protector -L/Users/gregoryehill/.rvm/opt/libyaml/lib -L/usr/local/Cellar/readline/6.2.4/lib -L/Users/gregoryehill/.rvm/opt/libksba/lib -L/Users/gregoryehill/.rvm/opt/openssl/lib     -lffi  -lruby.2.0.0 -lffi  -lpthread -ldl -lobjc "
conftest.c: In function ‘t’:
conftest.c:5: warning: implicit declaration of function ‘ffi_prep_closure’
checked program was:
/* begin */
 1: #include "ruby.h"
 2: 
 3: /*top*/
 4: extern int t(void);
 5: int t(void) { ffi_prep_closure(); return 0; }
 6: int main(int argc, char **argv)
 7: {
 8:   if (argc > 1000000) {
 9:     printf("%p", &t);
10:   }
11: 
12:   return 0;
13: }
/* end */

--------------------

have_func: checking for ffi_raw_call()... -------------------- no

"gcc-4.2 -o conftest -I/Users/gregoryehill/.rvm/rubies/ruby-2.0.0-p247/include/ruby-2.0.0/x86_64-darwin12.2.0 -I/Users/gregoryehill/.rvm/rubies/ruby-2.0.0-p247/include/ruby-2.0.0/ruby/backward -I/Users/gregoryehill/.rvm/rubies/ruby-2.0.0-p247/include/ruby-2.0.0 -I. -I/usr/include/ffi -D_XOPEN_SOURCE -D_DARWIN_C_SOURCE -D_DARWIN_UNLIMITED_SELECT -D_REENTRANT -I/Users/gregoryehill/.rvm/opt/libyaml/include -I/usr/local/Cellar/readline/6.2.4/include -I/Users/gregoryehill/.rvm/opt/libksba/include -I/Users/gregoryehill/.rvm/opt/openssl/include    -O3 -fno-fast-math -ggdb3 -Wall -Wextra -Wno-unused-parameter -Wno-parentheses -Wno-long-long -Wno-missing-field-initializers -Wunused-variable -Wpointer-arith -Wwrite-strings -Wdeclaration-after-statement -Wshorten-64-to-32 -Wimplicit-function-declaration  -fno-common -pipe conftest.c  -L. -L/Users/gregoryehill/.rvm/rubies/ruby-2.0.0-p247/lib -L/Users/gregoryehill/.rvm/opt/libyaml/lib -L/usr/local/Cellar/readline/6.2.4/lib -L/Users/gregoryehill/.rvm/opt/libksba/lib -L/Users/gregoryehill/.rvm/opt/openssl/lib -L. -fstack-protector -L/Users/gregoryehill/.rvm/opt/libyaml/lib -L/usr/local/Cellar/readline/6.2.4/lib -L/Users/gregoryehill/.rvm/opt/libksba/lib -L/Users/gregoryehill/.rvm/opt/openssl/lib     -lffi  -lruby.2.0.0 -lffi  -lpthread -ldl -lobjc "
conftest.c: In function ‘t’:
conftest.c:5: error: ‘ffi_raw_call’ undeclared (first use in this function)
conftest.c:5: error: (Each undeclared identifier is reported only once
conftest.c:5: error: for each function it appears in.)
checked program was:
/* begin */
 1: #include "ruby.h"
 2: 
 3: /*top*/
 4: extern int t(void);
 5: int t(void) { void ((*volatile p)()); p = (void ((*)()))ffi_raw_call; return 0; }
 6: int main(int argc, char **argv)
 7: {
 8:   if (argc > 1000000) {
 9:     printf("%p", &t);
10:   }
11: 
12:   return 0;
13: }
/* end */

"gcc-4.2 -o conftest -I/Users/gregoryehill/.rvm/rubies/ruby-2.0.0-p247/include/ruby-2.0.0/x86_64-darwin12.2.0 -I/Users/gregoryehill/.rvm/rubies/ruby-2.0.0-p247/include/ruby-2.0.0/ruby/backward -I/Users/gregoryehill/.rvm/rubies/ruby-2.0.0-p247/include/ruby-2.0.0 -I. -I/usr/include/ffi -D_XOPEN_SOURCE -D_DARWIN_C_SOURCE -D_DARWIN_UNLIMITED_SELECT -D_REENTRANT -I/Users/gregoryehill/.rvm/opt/libyaml/include -I/usr/local/Cellar/readline/6.2.4/include -I/Users/gregoryehill/.rvm/opt/libksba/include -I/Users/gregoryehill/.rvm/opt/openssl/include    -O3 -fno-fast-math -ggdb3 -Wall -Wextra -Wno-unused-parameter -Wno-parentheses -Wno-long-long -Wno-missing-field-initializers -Wunused-variable -Wpointer-arith -Wwrite-strings -Wdeclaration-after-statement -Wshorten-64-to-32 -Wimplicit-function-declaration  -fno-common -pipe conftest.c  -L. -L/Users/gregoryehill/.rvm/rubies/ruby-2.0.0-p247/lib -L/Users/gregoryehill/.rvm/opt/libyaml/lib -L/usr/local/Cellar/readline/6.2.4/lib -L/Users/gregoryehill/.rvm/opt/libksba/lib -L/Users/gregoryehill/.rvm/opt/openssl/lib -L. -fstack-protector -L/Users/gregoryehill/.rvm/opt/libyaml/lib -L/usr/local/Cellar/readline/6.2.4/lib -L/Users/gregoryehill/.rvm/opt/libksba/lib -L/Users/gregoryehill/.rvm/opt/openssl/lib     -lffi  -lruby.2.0.0 -lffi  -lpthread -ldl -lobjc "
conftest.c: In function ‘t’:
conftest.c:5: warning: implicit declaration of function ‘ffi_raw_call’
Undefined symbols for architecture x86_64:
  "_ffi_raw_call", referenced from:
      _t in cc6TGvZI.o
ld: symbol(s) not found for architecture x86_64
collect2: ld returned 1 exit status
checked program was:
/* begin */
 1: #include "ruby.h"
 2: 
 3: /*top*/
 4: extern int t(void);
 5: int t(void) { ffi_raw_call(); return 0; }
 6: int main(int argc, char **argv)
 7: {
 8:   if (argc > 1000000) {
 9:     printf("%p", &t);
10:   }
11: 
12:   return 0;
13: }
/* end */

--------------------

have_func: checking for rb_thread_blocking_region()... -------------------- yes

"gcc-4.2 -o conftest -I/Users/gregoryehill/.rvm/rubies/ruby-2.0.0-p247/include/ruby-2.0.0/x86_64-darwin12.2.0 -I/Users/gregoryehill/.rvm/rubies/ruby-2.0.0-p247/include/ruby-2.0.0/ruby/backward -I/Users/gregoryehill/.rvm/rubies/ruby-2.0.0-p247/include/ruby-2.0.0 -I. -I/usr/include/ffi -D_XOPEN_SOURCE -D_DARWIN_C_SOURCE -D_DARWIN_UNLIMITED_SELECT -D_REENTRANT -I/Users/gregoryehill/.rvm/opt/libyaml/include -I/usr/local/Cellar/readline/6.2.4/include -I/Users/gregoryehill/.rvm/opt/libksba/include -I/Users/gregoryehill/.rvm/opt/openssl/include    -O3 -fno-fast-math -ggdb3 -Wall -Wextra -Wno-unused-parameter -Wno-parentheses -Wno-long-long -Wno-missing-field-initializers -Wunused-variable -Wpointer-arith -Wwrite-strings -Wdeclaration-after-statement -Wshorten-64-to-32 -Wimplicit-function-declaration  -fno-common -pipe conftest.c  -L. -L/Users/gregoryehill/.rvm/rubies/ruby-2.0.0-p247/lib -L/Users/gregoryehill/.rvm/opt/libyaml/lib -L/usr/local/Cellar/readline/6.2.4/lib -L/Users/gregoryehill/.rvm/opt/libksba/lib -L/Users/gregoryehill/.rvm/opt/openssl/lib -L. -fstack-protector -L/Users/gregoryehill/.rvm/opt/libyaml/lib -L/usr/local/Cellar/readline/6.2.4/lib -L/Users/gregoryehill/.rvm/opt/libksba/lib -L/Users/gregoryehill/.rvm/opt/openssl/lib     -lffi  -lruby.2.0.0 -lffi  -lpthread -ldl -lobjc "
conftest.c: In function ‘t’:
conftest.c:5: warning: ‘rb_thread_blocking_region’ is deprecated (declared at /Users/gregoryehill/.rvm/rubies/ruby-2.0.0-p247/include/ruby-2.0.0/ruby/intern.h:839)
checked program was:
/* begin */
 1: #include "ruby.h"
 2: 
 3: /*top*/
 4: extern int t(void);
 5: int t(void) { void ((*volatile p)()); p = (void ((*)()))rb_thread_blocking_region; return 0; }
 6: int main(int argc, char **argv)
 7: {
 8:   if (argc > 1000000) {
 9:     printf("%p", &t);
10:   }
11: 
12:   return 0;
13: }
/* end */

--------------------

have_func: checking for rb_thread_call_with_gvl()... -------------------- yes

"gcc-4.2 -o conftest -I/Users/gregoryehill/.rvm/rubies/ruby-2.0.0-p247/include/ruby-2.0.0/x86_64-darwin12.2.0 -I/Users/gregoryehill/.rvm/rubies/ruby-2.0.0-p247/include/ruby-2.0.0/ruby/backward -I/Users/gregoryehill/.rvm/rubies/ruby-2.0.0-p247/include/ruby-2.0.0 -I. -I/usr/include/ffi -D_XOPEN_SOURCE -D_DARWIN_C_SOURCE -D_DARWIN_UNLIMITED_SELECT -D_REENTRANT -I/Users/gregoryehill/.rvm/opt/libyaml/include -I/usr/local/Cellar/readline/6.2.4/include -I/Users/gregoryehill/.rvm/opt/libksba/include -I/Users/gregoryehill/.rvm/opt/openssl/include    -O3 -fno-fast-math -ggdb3 -Wall -Wextra -Wno-unused-parameter -Wno-parentheses -Wno-long-long -Wno-missing-field-initializers -Wunused-variable -Wpointer-arith -Wwrite-strings -Wdeclaration-after-statement -Wshorten-64-to-32 -Wimplicit-function-declaration  -fno-common -pipe conftest.c  -L. -L/Users/gregoryehill/.rvm/rubies/ruby-2.0.0-p247/lib -L/Users/gregoryehill/.rvm/opt/libyaml/lib -L/usr/local/Cellar/readline/6.2.4/lib -L/Users/gregoryehill/.rvm/opt/libksba/lib -L/Users/gregoryehill/.rvm/opt/openssl/lib -L. -fstack-protector -L/Users/gregoryehill/.rvm/opt/libyaml/lib -L/usr/local/Cellar/readline/6.2.4/lib -L/Users/gregoryehill/.rvm/opt/libksba/lib -L/Users/gregoryehill/.rvm/opt/openssl/lib     -lffi  -lruby.2.0.0 -lffi  -lpthread -ldl -lobjc "
conftest.c: In function ‘t’:
conftest.c:5: error: ‘rb_thread_call_with_gvl’ undeclared (first use in this function)
conftest.c:5: error: (Each undeclared identifier is reported only once
conftest.c:5: error: for each function it appears in.)
checked program was:
/* begin */
 1: #include "ruby.h"
 2: 
 3: /*top*/
 4: extern int t(void);
 5: int t(void) { void ((*volatile p)()); p = (void ((*)()))rb_thread_call_with_gvl; return 0; }
 6: int main(int argc, char **argv)
 7: {
 8:   if (argc > 1000000) {
 9:     printf("%p", &t);
10:   }
11: 
12:   return 0;
13: }
/* end */

"gcc-4.2 -o conftest -I/Users/gregoryehill/.rvm/rubies/ruby-2.0.0-p247/include/ruby-2.0.0/x86_64-darwin12.2.0 -I/Users/gregoryehill/.rvm/rubies/ruby-2.0.0-p247/include/ruby-2.0.0/ruby/backward -I/Users/gregoryehill/.rvm/rubies/ruby-2.0.0-p247/include/ruby-2.0.0 -I. -I/usr/include/ffi -D_XOPEN_SOURCE -D_DARWIN_C_SOURCE -D_DARWIN_UNLIMITED_SELECT -D_REENTRANT -I/Users/gregoryehill/.rvm/opt/libyaml/include -I/usr/local/Cellar/readline/6.2.4/include -I/Users/gregoryehill/.rvm/opt/libksba/include -I/Users/gregoryehill/.rvm/opt/openssl/include    -O3 -fno-fast-math -ggdb3 -Wall -Wextra -Wno-unused-parameter -Wno-parentheses -Wno-long-long -Wno-missing-field-initializers -Wunused-variable -Wpointer-arith -Wwrite-strings -Wdeclaration-after-statement -Wshorten-64-to-32 -Wimplicit-function-declaration  -fno-common -pipe conftest.c  -L. -L/Users/gregoryehill/.rvm/rubies/ruby-2.0.0-p247/lib -L/Users/gregoryehill/.rvm/opt/libyaml/lib -L/usr/local/Cellar/readline/6.2.4/lib -L/Users/gregoryehill/.rvm/opt/libksba/lib -L/Users/gregoryehill/.rvm/opt/openssl/lib -L. -fstack-protector -L/Users/gregoryehill/.rvm/opt/libyaml/lib -L/usr/local/Cellar/readline/6.2.4/lib -L/Users/gregoryehill/.rvm/opt/libksba/lib -L/Users/gregoryehill/.rvm/opt/openssl/lib     -lffi  -lruby.2.0.0 -lffi  -lpthread -ldl -lobjc "
conftest.c: In function ‘t’:
conftest.c:5: warning: implicit declaration of function ‘rb_thread_call_with_gvl’
checked program was:
/* begin */
 1: #include "ruby.h"
 2: 
 3: /*top*/
 4: extern int t(void);
 5: int t(void) { rb_thread_call_with_gvl(); return 0; }
 6: int main(int argc, char **argv)
 7: {
 8:   if (argc > 1000000) {
 9:     printf("%p", &t);
10:   }
11: 
12:   return 0;
13: }
/* end */

--------------------

have_func: checking for rb_thread_call_without_gvl()... -------------------- yes

"gcc-4.2 -o conftest -I/Users/gregoryehill/.rvm/rubies/ruby-2.0.0-p247/include/ruby-2.0.0/x86_64-darwin12.2.0 -I/Users/gregoryehill/.rvm/rubies/ruby-2.0.0-p247/include/ruby-2.0.0/ruby/backward -I/Users/gregoryehill/.rvm/rubies/ruby-2.0.0-p247/include/ruby-2.0.0 -I. -I/usr/include/ffi -D_XOPEN_SOURCE -D_DARWIN_C_SOURCE -D_DARWIN_UNLIMITED_SELECT -D_REENTRANT -I/Users/gregoryehill/.rvm/opt/libyaml/include -I/usr/local/Cellar/readline/6.2.4/include -I/Users/gregoryehill/.rvm/opt/libksba/include -I/Users/gregoryehill/.rvm/opt/openssl/include    -O3 -fno-fast-math -ggdb3 -Wall -Wextra -Wno-unused-parameter -Wno-parentheses -Wno-long-long -Wno-missing-field-initializers -Wunused-variable -Wpointer-arith -Wwrite-strings -Wdeclaration-after-statement -Wshorten-64-to-32 -Wimplicit-function-declaration  -fno-common -pipe conftest.c  -L. -L/Users/gregoryehill/.rvm/rubies/ruby-2.0.0-p247/lib -L/Users/gregoryehill/.rvm/opt/libyaml/lib -L/usr/local/Cellar/readline/6.2.4/lib -L/Users/gregoryehill/.rvm/opt/libksba/lib -L/Users/gregoryehill/.rvm/opt/openssl/lib -L. -fstack-protector -L/Users/gregoryehill/.rvm/opt/libyaml/lib -L/usr/local/Cellar/readline/6.2.4/lib -L/Users/gregoryehill/.rvm/opt/libksba/lib -L/Users/gregoryehill/.rvm/opt/openssl/lib     -lffi  -lruby.2.0.0 -lffi  -lpthread -ldl -lobjc "
conftest.c: In function ‘t’:
conftest.c:5: error: ‘rb_thread_call_without_gvl’ undeclared (first use in this function)
conftest.c:5: error: (Each undeclared identifier is reported only once
conftest.c:5: error: for each function it appears in.)
checked program was:
/* begin */
 1: #include "ruby.h"
 2: 
 3: /*top*/
 4: extern int t(void);
 5: int t(void) { void ((*volatile p)()); p = (void ((*)()))rb_thread_call_without_gvl; return 0; }
 6: int main(int argc, char **argv)
 7: {
 8:   if (argc > 1000000) {
 9:     printf("%p", &t);
10:   }
11: 
12:   return 0;
13: }
/* end */

"gcc-4.2 -o conftest -I/Users/gregoryehill/.rvm/rubies/ruby-2.0.0-p247/include/ruby-2.0.0/x86_64-darwin12.2.0 -I/Users/gregoryehill/.rvm/rubies/ruby-2.0.0-p247/include/ruby-2.0.0/ruby/backward -I/Users/gregoryehill/.rvm/rubies/ruby-2.0.0-p247/include/ruby-2.0.0 -I. -I/usr/include/ffi -D_XOPEN_SOURCE -D_DARWIN_C_SOURCE -D_DARWIN_UNLIMITED_SELECT -D_REENTRANT -I/Users/gregoryehill/.rvm/opt/libyaml/include -I/usr/local/Cellar/readline/6.2.4/include -I/Users/gregoryehill/.rvm/opt/libksba/include -I/Users/gregoryehill/.rvm/opt/openssl/include    -O3 -fno-fast-math -ggdb3 -Wall -Wextra -Wno-unused-parameter -Wno-parentheses -Wno-long-long -Wno-missing-field-initializers -Wunused-variable -Wpointer-arith -Wwrite-strings -Wdeclaration-after-statement -Wshorten-64-to-32 -Wimplicit-function-declaration  -fno-common -pipe conftest.c  -L. -L/Users/gregoryehill/.rvm/rubies/ruby-2.0.0-p247/lib -L/Users/gregoryehill/.rvm/opt/libyaml/lib -L/usr/local/Cellar/readline/6.2.4/lib -L/Users/gregoryehill/.rvm/opt/libksba/lib -L/Users/gregoryehill/.rvm/opt/openssl/lib -L. -fstack-protector -L/Users/gregoryehill/.rvm/opt/libyaml/lib -L/usr/local/Cellar/readline/6.2.4/lib -L/Users/gregoryehill/.rvm/opt/libksba/lib -L/Users/gregoryehill/.rvm/opt/openssl/lib     -lffi  -lruby.2.0.0 -lffi  -lpthread -ldl -lobjc "
conftest.c: In function ‘t’:
conftest.c:5: warning: implicit declaration of function ‘rb_thread_call_without_gvl’
checked program was:
/* begin */
 1: #include "ruby.h"
 2: 
 3: /*top*/
 4: extern int t(void);
 5: int t(void) { rb_thread_call_without_gvl(); return 0; }
 6: int main(int argc, char **argv)
 7: {
 8:   if (argc > 1000000) {
 9:     printf("%p", &t);
10:   }
11: 
12:   return 0;
13: }
/* end */

--------------------

have_func: checking for ffi_prep_cif_var()... -------------------- no

"gcc-4.2 -o conftest -I/Users/gregoryehill/.rvm/rubies/ruby-2.0.0-p247/include/ruby-2.0.0/x86_64-darwin12.2.0 -I/Users/gregoryehill/.rvm/rubies/ruby-2.0.0-p247/include/ruby-2.0.0/ruby/backward -I/Users/gregoryehill/.rvm/rubies/ruby-2.0.0-p247/include/ruby-2.0.0 -I. -I/usr/include/ffi -D_XOPEN_SOURCE -D_DARWIN_C_SOURCE -D_DARWIN_UNLIMITED_SELECT -D_REENTRANT -I/Users/gregoryehill/.rvm/opt/libyaml/include -I/usr/local/Cellar/readline/6.2.4/include -I/Users/gregoryehill/.rvm/opt/libksba/include -I/Users/gregoryehill/.rvm/opt/openssl/include    -O3 -fno-fast-math -ggdb3 -Wall -Wextra -Wno-unused-parameter -Wno-parentheses -Wno-long-long -Wno-missing-field-initializers -Wunused-variable -Wpointer-arith -Wwrite-strings -Wdeclaration-after-statement -Wshorten-64-to-32 -Wimplicit-function-declaration  -fno-common -pipe conftest.c  -L. -L/Users/gregoryehill/.rvm/rubies/ruby-2.0.0-p247/lib -L/Users/gregoryehill/.rvm/opt/libyaml/lib -L/usr/local/Cellar/readline/6.2.4/lib -L/Users/gregoryehill/.rvm/opt/libksba/lib -L/Users/gregoryehill/.rvm/opt/openssl/lib -L. -fstack-protector -L/Users/gregoryehill/.rvm/opt/libyaml/lib -L/usr/local/Cellar/readline/6.2.4/lib -L/Users/gregoryehill/.rvm/opt/libksba/lib -L/Users/gregoryehill/.rvm/opt/openssl/lib     -lffi  -lruby.2.0.0 -lffi  -lpthread -ldl -lobjc "
conftest.c: In function ‘t’:
conftest.c:5: error: ‘ffi_prep_cif_var’ undeclared (first use in this function)
conftest.c:5: error: (Each undeclared identifier is reported only once
conftest.c:5: error: for each function it appears in.)
checked program was:
/* begin */
 1: #include "ruby.h"
 2: 
 3: /*top*/
 4: extern int t(void);
 5: int t(void) { void ((*volatile p)()); p = (void ((*)()))ffi_prep_cif_var; return 0; }
 6: int main(int argc, char **argv)
 7: {
 8:   if (argc > 1000000) {
 9:     printf("%p", &t);
10:   }
11: 
12:   return 0;
13: }
/* end */

"gcc-4.2 -o conftest -I/Users/gregoryehill/.rvm/rubies/ruby-2.0.0-p247/include/ruby-2.0.0/x86_64-darwin12.2.0 -I/Users/gregoryehill/.rvm/rubies/ruby-2.0.0-p247/include/ruby-2.0.0/ruby/backward -I/Users/gregoryehill/.rvm/rubies/ruby-2.0.0-p247/include/ruby-2.0.0 -I. -I/usr/include/ffi -D_XOPEN_SOURCE -D_DARWIN_C_SOURCE -D_DARWIN_UNLIMITED_SELECT -D_REENTRANT -I/Users/gregoryehill/.rvm/opt/libyaml/include -I/usr/local/Cellar/readline/6.2.4/include -I/Users/gregoryehill/.rvm/opt/libksba/include -I/Users/gregoryehill/.rvm/opt/openssl/include    -O3 -fno-fast-math -ggdb3 -Wall -Wextra -Wno-unused-parameter -Wno-parentheses -Wno-long-long -Wno-missing-field-initializers -Wunused-variable -Wpointer-arith -Wwrite-strings -Wdeclaration-after-statement -Wshorten-64-to-32 -Wimplicit-function-declaration  -fno-common -pipe conftest.c  -L. -L/Users/gregoryehill/.rvm/rubies/ruby-2.0.0-p247/lib -L/Users/gregoryehill/.rvm/opt/libyaml/lib -L/usr/local/Cellar/readline/6.2.4/lib -L/Users/gregoryehill/.rvm/opt/libksba/lib -L/Users/gregoryehill/.rvm/opt/openssl/lib -L. -fstack-protector -L/Users/gregoryehill/.rvm/opt/libyaml/lib -L/usr/local/Cellar/readline/6.2.4/lib -L/Users/gregoryehill/.rvm/opt/libksba/lib -L/Users/gregoryehill/.rvm/opt/openssl/lib     -lffi  -lruby.2.0.0 -lffi  -lpthread -ldl -lobjc "
conftest.c: In function ‘t’:
conftest.c:5: warning: implicit declaration of function ‘ffi_prep_cif_var’
Undefined symbols for architecture x86_64:
  "_ffi_prep_cif_var", referenced from:
      _t in cceADaq2.o
ld: symbol(s) not found for architecture x86_64
collect2: ld returned 1 exit status
checked program was:
/* begin */
 1: #include "ruby.h"
 2: 
 3: /*top*/
 4: extern int t(void);
 5: int t(void) { ffi_prep_cif_var(); return 0; }
 6: int main(int argc, char **argv)
 7: {
 8:   if (argc > 1000000) {
 9:     printf("%p", &t);
10:   }
11: 
12:   return 0;
13: }
/* end */

--------------------

extconf.h is:
/* begin */
1: #ifndef EXTCONF_H
2: #define EXTCONF_H
3: #define HAVE_FFI_PREP_CLOSURE 1
4: #define HAVE_RB_THREAD_BLOCKING_REGION 1
5: #define HAVE_RB_THREAD_CALL_WITH_GVL 1
6: #define HAVE_RB_THREAD_CALL_WITHOUT_GVL 1
7: #define RUBY_1_9 1
8: #endif
/* end */

